<?xml version="1.0" encoding="UTF-8"?>
<!-- Generated by org.testng.reporters.JUnitReportReporter -->
<testsuite hostname="DESKTOP-BG0G3RF" failures="0" tests="2" name="tests.LoginTest" time="20.989" errors="0" timestamp="2024-11-25T17:22:59 ICT" skipped="0">
  <testcase classname="tests.LoginTest" name="testInvalidLogin" time="8.048"/>
  <testcase classname="tests.LoginTest" name="testValidLogin" time="12.941"/>
</testsuite> <!-- tests.LoginTest -->
